<?xml version="1.0" encoding="UTF-8"?>
<!-- Generated by org.testng.reporters.JUnitXMLReporter -->
<testsuite ignored="0" hostname="DESKTOP-NNDQ7J5" failures="0" tests="2" name="Default test" time="17.031" errors="0" timestamp="2022-03-25T09:10:15 IST">
  <testcase classname="TestNG_Basics.menuLinks_TestCases" name="verifyMenu_addNewStudent" time="2.219"/>
  <testcase classname="TestNG_Basics.menuLinks_TestCases" name="verifyMenu_admittedStudent" time="2.662"/>
</testsuite> <!-- Default test -->
