<?xml version="1.0" encoding="UTF-8"?>
<testng-results ignored="0" total="2" passed="2" failed="0" skipped="0">
  <reporter-output>
  </reporter-output>
  <suite started-at="2022-04-17T08:11:11 IST" name="Default suite" finished-at="2022-04-17T08:11:27 IST" duration-ms="15815">
    <groups>
    </groups>
    <test started-at="2022-04-17T08:11:11 IST" name="Default test" finished-at="2022-04-17T08:11:27 IST" duration-ms="15815">
      <class name="com.qa.examTest.testCases.loginPageTest">
        <test-method is-config="true" signature="launchSetup()[pri:0, instance:com.qa.examTest.testCases.loginPageTest@333291e3]" started-at="2022-04-17T08:11:11 IST" name="launchSetup" finished-at="2022-04-17T08:11:19 IST" duration-ms="8382" status="PASS">
          <reporter-output>
          </reporter-output>
        </test-method> <!-- launchSetup -->
        <test-method signature="verifyInvalidLogin()[pri:0, instance:com.qa.examTest.testCases.loginPageTest@333291e3]" started-at="2022-04-17T08:11:19 IST" name="verifyInvalidLogin" finished-at="2022-04-17T08:11:21 IST" duration-ms="1355" status="PASS">
          <reporter-output>
          </reporter-output>
        </test-method> <!-- verifyInvalidLogin -->
        <test-method is-config="true" signature="launchSetup()[pri:0, instance:com.qa.examTest.testCases.loginPageTest@333291e3]" started-at="2022-04-17T08:11:21 IST" name="launchSetup" finished-at="2022-04-17T08:11:25 IST" duration-ms="4304" status="PASS">
          <reporter-output>
          </reporter-output>
        </test-method> <!-- launchSetup -->
        <test-method signature="verifyValidLogin()[pri:0, instance:com.qa.examTest.testCases.loginPageTest@333291e3]" started-at="2022-04-17T08:11:25 IST" name="verifyValidLogin" finished-at="2022-04-17T08:11:27 IST" duration-ms="1668" status="PASS">
          <reporter-output>
          </reporter-output>
        </test-method> <!-- verifyValidLogin -->
      </class> <!-- com.qa.examTest.testCases.loginPageTest -->
    </test> <!-- Default test -->
  </suite> <!-- Default suite -->
</testng-results>
