<?xml version="1.0" encoding="UTF-8"?>
<!-- Generated by org.testng.reporters.JUnitXMLReporter -->
<testsuite ignored="0" hostname="DESKTOP-NNDQ7J5" failures="0" tests="2" name="Default test" time="15.815" errors="0" timestamp="2022-04-17T08:11:27 IST">
  <testcase classname="com.qa.examTest.testCases.loginPageTest" name="verifyInvalidLogin" time="1.355"/>
  <testcase classname="com.qa.examTest.testCases.loginPageTest" name="verifyValidLogin" time="1.668"/>
</testsuite> <!-- Default test -->
