<?xml version="1.0" encoding="UTF-8"?>
<!-- Generated by org.testng.reporters.JUnitXMLReporter -->
<testsuite ignored="0" hostname="DESKTOP-NNDQ7J5" failures="6" tests="11" name="Test" time="29.162" errors="0" timestamp="2022-03-25T09:11:30 IST">
  <testcase classname="TestNG_Basics.TestNG_Annotations" name="testcase1" time="0.021"/>
  <testcase classname="TestNG_Basics.TestNG_Annotations" name="testcase2" time="0.011"/>
  <testcase classname="TestNG_Basics.coolAdmin_loginTestCases" name="verifyInvalidLoginTest1" time="1.044">
    <failure type="java.lang.AssertionError" message="Verified the title of the dashboard expected [Hostel Paradise] but found [Login]">
      <![CDATA[java.lang.AssertionError: Verified the title of the dashboard expected [Hostel Paradise] but found [Login]
at TestNG_Basics.coolAdmin_loginTestCases.verifyInvalidLoginTest1(coolAdmin_loginTestCases.java:48)
at java.base/java.util.ArrayList.forEach(ArrayList.java:1511)
... Removed 32 stack frames]]>
    </failure>
  </testcase> <!-- verifyInvalidLoginTest1 -->
  <testcase classname="TestNG_Basics.coolAdmin_loginTestCases" name="verifyInvalidLoginTest2" time="0.897">
    <failure type="java.lang.AssertionError" message="Verified the title of the dashboard expected [Hostel Paradise] but found [Login]">
      <![CDATA[java.lang.AssertionError: Verified the title of the dashboard expected [Hostel Paradise] but found [Login]
at TestNG_Basics.coolAdmin_loginTestCases.verifyInvalidLoginTest2(coolAdmin_loginTestCases.java:58)
at java.base/java.util.ArrayList.forEach(ArrayList.java:1511)
... Removed 32 stack frames]]>
    </failure>
  </testcase> <!-- verifyInvalidLoginTest2 -->
  <testcase classname="TestNG_Basics.coolAdmin_loginTestCases" name="verifyInvalidLoginTest3" time="0.631">
    <failure type="java.lang.AssertionError" message="Verified the title of the dashboard expected [Hostel Paradise] but found [Login]">
      <![CDATA[java.lang.AssertionError: Verified the title of the dashboard expected [Hostel Paradise] but found [Login]
at TestNG_Basics.coolAdmin_loginTestCases.verifyInvalidLoginTest3(coolAdmin_loginTestCases.java:68)
at java.base/java.util.ArrayList.forEach(ArrayList.java:1511)
... Removed 32 stack frames]]>
    </failure>
  </testcase> <!-- verifyInvalidLoginTest3 -->
  <testcase classname="TestNG_Basics.coolAdmin_loginTestCases" name="verifyInvalidLoginTest4" time="0.455">
    <failure type="java.lang.AssertionError" message="Verified the title of the dashboard expected [Hostel Paradise] but found [Login]">
      <![CDATA[java.lang.AssertionError: Verified the title of the dashboard expected [Hostel Paradise] but found [Login]
at TestNG_Basics.coolAdmin_loginTestCases.verifyInvalidLoginTest4(coolAdmin_loginTestCases.java:79)
at java.base/java.util.ArrayList.forEach(ArrayList.java:1511)
... Removed 32 stack frames]]>
    </failure>
  </testcase> <!-- verifyInvalidLoginTest4 -->
  <testcase classname="TestNG_Basics.coolAdmin_loginTestCases" name="verifyInvalidLoginTest5" time="0.313">
    <failure type="java.lang.AssertionError" message="Verified the title of the dashboard expected [Hostel Paradise] but found [Login]">
      <![CDATA[java.lang.AssertionError: Verified the title of the dashboard expected [Hostel Paradise] but found [Login]
at TestNG_Basics.coolAdmin_loginTestCases.verifyInvalidLoginTest5(coolAdmin_loginTestCases.java:89)
at java.base/java.util.ArrayList.forEach(ArrayList.java:1511)
... Removed 32 stack frames]]>
    </failure>
  </testcase> <!-- verifyInvalidLoginTest5 -->
  <testcase classname="TestNG_Basics.coolAdmin_loginTestCases" name="verifyInvalidLoginTest6" time="0.396">
    <failure type="java.lang.AssertionError" message="Verified the title of the dashboard expected [Hostel Paradise] but found [Login]">
      <![CDATA[java.lang.AssertionError: Verified the title of the dashboard expected [Hostel Paradise] but found [Login]
at TestNG_Basics.coolAdmin_loginTestCases.verifyInvalidLoginTest6(coolAdmin_loginTestCases.java:100)
at java.base/java.util.ArrayList.forEach(ArrayList.java:1511)
... Removed 32 stack frames]]>
    </failure>
  </testcase> <!-- verifyInvalidLoginTest6 -->
  <testcase classname="TestNG_Basics.coolAdmin_loginTestCases" name="verifyValidLoginTest" time="2.907"/>
  <testcase classname="TestNG_Basics.menuLinks_TestCases" name="verifyMenu_addNewStudent" time="2.363"/>
  <testcase classname="TestNG_Basics.menuLinks_TestCases" name="verifyMenu_admittedStudent" time="2.372"/>
</testsuite> <!-- Test -->
